<?xml version="1.0" encoding="UTF-8"?>
<!-- Generated by org.testng.reporters.JUnitXMLReporter -->
<testsuite hostname="AYAN" ignored="0" name="Default test" tests="3" failures="0" timestamp="2020-06-09T00:22:52 IST" time="35.18" errors="0">
  <testcase name="test1" time="0.045" classname="SeleniumTest.ExtentReportsDemoWithTestNG"/>
  <testcase name="test2" time="0.005" classname="SeleniumTest.ExtentReportsDemoWithTestNG"/>
  <testcase name="testExtentReportWithTestNG" time="14.952" classname="SeleniumTest.ExtentReportsDemoWithTestNG"/>
</testsuite> <!-- Default test -->
