<?xml version="1.0" encoding="UTF-8"?>
<!-- Generated by org.testng.reporters.JUnitXMLReporter -->
<testsuite hostname="AYAN" ignored="0" name="Default test" tests="3" failures="0" timestamp="2020-05-08T01:53:16 IST" time="73.082" errors="0">
  <testcase name="test1" time="0.026" classname="SeleniumTest.ExtentReportsDemoWithTestNG"/>
  <testcase name="test2" time="0.005" classname="SeleniumTest.ExtentReportsDemoWithTestNG"/>
  <testcase name="testExtentReportWithTestNG" time="24.758" classname="SeleniumTest.ExtentReportsDemoWithTestNG"/>
</testsuite> <!-- Default test -->
