<?xml version="1.0" encoding="UTF-8"?>
<!-- Generated by org.testng.reporters.JUnitXMLReporter -->
<testsuite hostname="AYAN" ignored="0" name="Default test" tests="5" failures="0" timestamp="2020-06-09T20:52:45 IST" time="54.644" errors="0">
  <testcase name="test1" time="9.965" classname="utils.ExcelDataProvider"/>
  <testcase name="test1" time="5.993" classname="utils.ExcelDataProvider"/>
  <testcase name="test1" time="6.407" classname="utils.ExcelDataProvider"/>
  <testcase name="test1" time="6.034" classname="utils.ExcelDataProvider"/>
  <testcase name="test1" time="6.503" classname="utils.ExcelDataProvider"/>
</testsuite> <!-- Default test -->
