<?xml version="1.0" encoding="UTF-8"?>
<!-- Generated by org.testng.reporters.JUnitXMLReporter -->
<testsuite hostname="AYAN" ignored="0" name="Default test" tests="3" failures="0" timestamp="2020-06-10T02:15:38 IST" time="0.085" errors="0">
  <testcase name="two" time="0.007" classname="testng.TestNGPriorityDemo"/>
  <testcase name="one" time="0.004" classname="testng.TestNGPriorityDemo"/>
  <testcase name="three" time="0.009" classname="testng.TestNGPriorityDemo"/>
</testsuite> <!-- Default test -->
