<?xml version="1.0" encoding="UTF-8"?>
<!-- Generated by org.testng.reporters.JUnitXMLReporter -->
<testsuite hostname="AYAN" ignored="1" name="Test" tests="2" failures="0" timestamp="2020-05-05T00:48:36 IST" time="66.322" errors="0">
  <testcase name="googleSearch3" time="22.069" classname="SeleniumTest.TestNG_Demo2"/>
  <testcase name="googleSearch" time="25.949" classname="SeleniumTest.TestNG_Demo"/>
  <testcase name="googleSearch2" time="0.0" classname="SeleniumTest.TestNG_Demo2">
    <ignored/>
  </testcase> <!-- googleSearch2 -->
</testsuite> <!-- Test -->
