<?xml version="1.0" encoding="UTF-8"?>
<!-- Generated by org.testng.reporters.JUnitXMLReporter -->
<testsuite hostname="AYAN" ignored="1" name="Test1" tests="2" failures="0" timestamp="2020-05-05T00:50:55 IST" time="57.336" errors="0">
  <testcase name="googleSearch" time="12.912" classname="SeleniumTest.TestNG_Demo"/>
  <testcase name="googleSearch3" time="20.707" classname="SeleniumTest.TestNG_Demo2"/>
  <testcase name="googleSearch2" time="0.0" classname="SeleniumTest.TestNG_Demo2">
    <ignored/>
  </testcase> <!-- googleSearch2 -->
</testsuite> <!-- Test1 -->
