<?xml version="1.0" encoding="UTF-8"?>
<testng-results skipped="0" failed="0" ignored="0" total="3" passed="3">
  <reporter-output>
  </reporter-output>
  <suite name="Default suite" duration-ms="35180" started-at="2020-06-09T00:22:17 IST" finished-at="2020-06-09T00:22:52 IST">
    <groups>
    </groups>
    <test name="Default test" duration-ms="35180" started-at="2020-06-09T00:22:17 IST" finished-at="2020-06-09T00:22:52 IST">
      <class name="SeleniumTest.ExtentReportsDemoWithTestNG">
        <test-method status="PASS" signature="setUp()[pri:0, instance:SeleniumTest.ExtentReportsDemoWithTestNG@646d64ab]" name="setUp" is-config="true" duration-ms="240" started-at="2020-06-09T00:22:17 IST" finished-at="2020-06-09T00:22:17 IST">
          <reporter-output>
          </reporter-output>
        </test-method> <!-- setUp -->
        <test-method status="PASS" signature="setUpTest()[pri:0, instance:SeleniumTest.ExtentReportsDemoWithTestNG@646d64ab]" name="setUpTest" is-config="true" duration-ms="5365" started-at="2020-06-09T00:22:17 IST" finished-at="2020-06-09T00:22:22 IST">
          <reporter-output>
          </reporter-output>
        </test-method> <!-- setUpTest -->
        <test-method status="PASS" signature="test1()[pri:0, instance:SeleniumTest.ExtentReportsDemoWithTestNG@646d64ab]" name="test1" duration-ms="45" started-at="2020-06-09T00:22:22 IST" finished-at="2020-06-09T00:22:22 IST">
          <reporter-output>
          </reporter-output>
        </test-method> <!-- test1 -->
        <test-method status="PASS" signature="test2()[pri:0, instance:SeleniumTest.ExtentReportsDemoWithTestNG@646d64ab]" name="test2" duration-ms="5" started-at="2020-06-09T00:22:22 IST" finished-at="2020-06-09T00:22:22 IST">
          <reporter-output>
          </reporter-output>
        </test-method> <!-- test2 -->
        <test-method status="PASS" signature="testExtentReportWithTestNG()[pri:0, instance:SeleniumTest.ExtentReportsDemoWithTestNG@646d64ab]" name="testExtentReportWithTestNG" duration-ms="14952" started-at="2020-06-09T00:22:22 IST" finished-at="2020-06-09T00:22:37 IST">
          <reporter-output>
          </reporter-output>
        </test-method> <!-- testExtentReportWithTestNG -->
        <test-method status="PASS" signature="tearDownTest()[pri:0, instance:SeleniumTest.ExtentReportsDemoWithTestNG@646d64ab]" name="tearDownTest" is-config="true" duration-ms="14759" started-at="2020-06-09T00:22:37 IST" finished-at="2020-06-09T00:22:52 IST">
          <reporter-output>
          </reporter-output>
        </test-method> <!-- tearDownTest -->
        <test-method status="PASS" signature="tearDown()[pri:0, instance:SeleniumTest.ExtentReportsDemoWithTestNG@646d64ab]" name="tearDown" is-config="true" duration-ms="566" started-at="2020-06-09T00:22:52 IST" finished-at="2020-06-09T00:22:53 IST">
          <reporter-output>
          </reporter-output>
        </test-method> <!-- tearDown -->
      </class> <!-- SeleniumTest.ExtentReportsDemoWithTestNG -->
    </test> <!-- Default test -->
  </suite> <!-- Default suite -->
</testng-results>
