<?xml version="1.0" encoding="UTF-8"?>
<testng-results skipped="0" failed="0" ignored="0" total="1" passed="1">
  <reporter-output>
  </reporter-output>
  <suite name="Suite" duration-ms="95" started-at="2020-06-10T20:10:00 IST" finished-at="2020-06-10T20:10:00 IST">
    <groups>
    </groups>
    <test name="Test" duration-ms="95" started-at="2020-06-10T20:10:00 IST" finished-at="2020-06-10T20:10:00 IST">
      <class name="testng.TestNGParametersDemo">
        <test-method status="PASS" signature="test(java.lang.String)[pri:0, instance:testng.TestNGParametersDemo@4d95d2a2]" name="test" duration-ms="17" started-at="2020-06-10T20:10:00 IST" finished-at="2020-06-10T20:10:00 IST">
          <params>
            <param index="0">
              <value>
                <![CDATA[Aadi]]>
              </value>
            </param>
          </params>
          <reporter-output>
          </reporter-output>
        </test-method> <!-- test -->
      </class> <!-- testng.TestNGParametersDemo -->
    </test> <!-- Test -->
  </suite> <!-- Suite -->
</testng-results>
