<?xml version="1.0" encoding="UTF-8"?>
<testng-results skipped="0" failed="0" ignored="0" total="3" passed="3">
  <reporter-output>
  </reporter-output>
  <suite name="Default suite" duration-ms="85" started-at="2020-06-10T02:15:38 IST" finished-at="2020-06-10T02:15:38 IST">
    <groups>
    </groups>
    <test name="Default test" duration-ms="85" started-at="2020-06-10T02:15:38 IST" finished-at="2020-06-10T02:15:38 IST">
      <class name="testng.TestNGPriorityDemo">
        <test-method status="PASS" signature="two()[pri:-1, instance:testng.TestNGPriorityDemo@5f282abb]" name="two" duration-ms="7" started-at="2020-06-10T02:15:38 IST" finished-at="2020-06-10T02:15:38 IST">
          <reporter-output>
          </reporter-output>
        </test-method> <!-- two -->
        <test-method status="PASS" signature="one()[pri:1, instance:testng.TestNGPriorityDemo@5f282abb]" name="one" duration-ms="4" started-at="2020-06-10T02:15:38 IST" finished-at="2020-06-10T02:15:38 IST">
          <reporter-output>
          </reporter-output>
        </test-method> <!-- one -->
        <test-method status="PASS" signature="three()[pri:1, instance:testng.TestNGPriorityDemo@5f282abb]" name="three" duration-ms="9" started-at="2020-06-10T02:15:38 IST" finished-at="2020-06-10T02:15:38 IST">
          <reporter-output>
          </reporter-output>
        </test-method> <!-- three -->
      </class> <!-- testng.TestNGPriorityDemo -->
    </test> <!-- Default test -->
  </suite> <!-- Default suite -->
</testng-results>
