<?xml version="1.0" encoding="UTF-8"?>
<testng-results skipped="0" failed="0" ignored="0" total="1" passed="1">
  <reporter-output>
  </reporter-output>
  <suite name="Default suite" duration-ms="113610" started-at="2020-05-11T00:36:20 IST" finished-at="2020-05-11T00:38:13 IST">
    <groups>
    </groups>
    <test name="Default test" duration-ms="113610" started-at="2020-05-11T00:36:20 IST" finished-at="2020-05-11T00:38:13 IST">
      <class name="SeleniumTest.TestNG_Demo_PropertiesFile">
        <test-method status="PASS" signature="setUpTest()[pri:0, instance:SeleniumTest.TestNG_Demo_PropertiesFile@167fdd33]" name="setUpTest" is-config="true" duration-ms="67352" started-at="2020-05-11T00:36:20 IST" finished-at="2020-05-11T00:37:27 IST">
          <reporter-output>
          </reporter-output>
        </test-method> <!-- setUpTest -->
        <test-method status="PASS" signature="googleSearch()[pri:0, instance:SeleniumTest.TestNG_Demo_PropertiesFile@167fdd33]" name="googleSearch" duration-ms="24830" started-at="2020-05-11T00:37:27 IST" finished-at="2020-05-11T00:37:52 IST">
          <reporter-output>
          </reporter-output>
        </test-method> <!-- googleSearch -->
        <test-method status="PASS" signature="tearDownTest()[pri:0, instance:SeleniumTest.TestNG_Demo_PropertiesFile@167fdd33]" name="tearDownTest" is-config="true" duration-ms="21374" started-at="2020-05-11T00:37:52 IST" finished-at="2020-05-11T00:38:13 IST">
          <reporter-output>
          </reporter-output>
        </test-method> <!-- tearDownTest -->
      </class> <!-- SeleniumTest.TestNG_Demo_PropertiesFile -->
    </test> <!-- Default test -->
  </suite> <!-- Default suite -->
</testng-results>
