<?xml version="1.0" encoding="UTF-8"?>
<testng-results skipped="0" failed="0" ignored="0" total="3" passed="3">
  <reporter-output>
  </reporter-output>
  <suite name="Default suite" duration-ms="73082" started-at="2020-05-08T01:52:03 IST" finished-at="2020-05-08T01:53:16 IST">
    <groups>
    </groups>
    <test name="Default test" duration-ms="73082" started-at="2020-05-08T01:52:03 IST" finished-at="2020-05-08T01:53:16 IST">
      <class name="SeleniumTest.ExtentReportsDemoWithTestNG">
        <test-method status="PASS" signature="setUp()[pri:0, instance:SeleniumTest.ExtentReportsDemoWithTestNG@1d29cf23]" name="setUp" is-config="true" duration-ms="230" started-at="2020-05-08T01:52:02 IST" finished-at="2020-05-08T01:52:03 IST">
          <reporter-output>
          </reporter-output>
        </test-method> <!-- setUp -->
        <test-method status="PASS" signature="setUpTest()[pri:0, instance:SeleniumTest.ExtentReportsDemoWithTestNG@1d29cf23]" name="setUpTest" is-config="true" duration-ms="32890" started-at="2020-05-08T01:52:03 IST" finished-at="2020-05-08T01:52:36 IST">
          <reporter-output>
          </reporter-output>
        </test-method> <!-- setUpTest -->
        <test-method status="PASS" signature="test1()[pri:0, instance:SeleniumTest.ExtentReportsDemoWithTestNG@1d29cf23]" name="test1" duration-ms="26" started-at="2020-05-08T01:52:36 IST" finished-at="2020-05-08T01:52:36 IST">
          <reporter-output>
          </reporter-output>
        </test-method> <!-- test1 -->
        <test-method status="PASS" signature="test2()[pri:0, instance:SeleniumTest.ExtentReportsDemoWithTestNG@1d29cf23]" name="test2" duration-ms="5" started-at="2020-05-08T01:52:36 IST" finished-at="2020-05-08T01:52:36 IST">
          <reporter-output>
          </reporter-output>
        </test-method> <!-- test2 -->
        <test-method status="PASS" signature="testExtentReportWithTestNG()[pri:0, instance:SeleniumTest.ExtentReportsDemoWithTestNG@1d29cf23]" name="testExtentReportWithTestNG" duration-ms="24758" started-at="2020-05-08T01:52:36 IST" finished-at="2020-05-08T01:53:00 IST">
          <reporter-output>
          </reporter-output>
        </test-method> <!-- testExtentReportWithTestNG -->
        <test-method status="PASS" signature="tearDownTest()[pri:0, instance:SeleniumTest.ExtentReportsDemoWithTestNG@1d29cf23]" name="tearDownTest" is-config="true" duration-ms="15266" started-at="2020-05-08T01:53:00 IST" finished-at="2020-05-08T01:53:16 IST">
          <reporter-output>
          </reporter-output>
        </test-method> <!-- tearDownTest -->
        <test-method status="PASS" signature="tearDown()[pri:0, instance:SeleniumTest.ExtentReportsDemoWithTestNG@1d29cf23]" name="tearDown" is-config="true" duration-ms="1460" started-at="2020-05-08T01:53:17 IST" finished-at="2020-05-08T01:53:18 IST">
          <reporter-output>
          </reporter-output>
        </test-method> <!-- tearDown -->
      </class> <!-- SeleniumTest.ExtentReportsDemoWithTestNG -->
    </test> <!-- Default test -->
  </suite> <!-- Default suite -->
</testng-results>
