<?xml version="1.0" encoding="UTF-8"?>
<testng-results skipped="0" failed="0" ignored="0" total="1" passed="1">
  <reporter-output>
  </reporter-output>
  <suite name="Default suite" duration-ms="19841" started-at="2020-06-26T01:30:37 IST" finished-at="2020-06-26T01:30:57 IST">
    <groups>
    </groups>
    <test name="Default test" duration-ms="19841" started-at="2020-06-26T01:30:37 IST" finished-at="2020-06-26T01:30:57 IST">
      <class name="BarCode.BarCodeTest">
        <test-method status="PASS" signature="barCodeConcept()[pri:0, instance:BarCode.BarCodeTest@62fdb4a6]" name="barCodeConcept" duration-ms="19765" started-at="2020-06-26T01:30:37 IST" finished-at="2020-06-26T01:30:57 IST">
          <reporter-output>
          </reporter-output>
        </test-method> <!-- barCodeConcept -->
      </class> <!-- BarCode.BarCodeTest -->
    </test> <!-- Default test -->
  </suite> <!-- Default suite -->
</testng-results>
