<?xml version="1.0" encoding="UTF-8"?>
<testng-results skipped="0" failed="0" ignored="0" total="1" passed="1">
  <reporter-output>
  </reporter-output>
  <suite name="Default suite" duration-ms="30103" started-at="2020-06-11T01:36:41 IST" finished-at="2020-06-11T01:37:11 IST">
    <groups>
    </groups>
    <test name="Default test" duration-ms="30103" started-at="2020-06-11T01:36:41 IST" finished-at="2020-06-11T01:37:11 IST">
      <class name="testng.TestNGRecordTest">
        <test-method status="PASS" signature="setUp()[pri:0, instance:testng.TestNGRecordTest@4493d195]" name="setUp" is-config="true" duration-ms="7552" started-at="2020-06-11T01:36:41 IST" finished-at="2020-06-11T01:36:49 IST">
          <reporter-output>
          </reporter-output>
        </test-method> <!-- setUp -->
        <test-method status="PASS" signature="testUntitledTestCase1()[pri:0, instance:testng.TestNGRecordTest@4493d195]" name="testUntitledTestCase1" duration-ms="21734" started-at="2020-06-11T01:36:49 IST" finished-at="2020-06-11T01:37:10 IST">
          <reporter-output>
          </reporter-output>
        </test-method> <!-- testUntitledTestCase1 -->
        <test-method status="PASS" signature="tearDown()[pri:0, instance:testng.TestNGRecordTest@4493d195]" name="tearDown" is-config="true" duration-ms="755" started-at="2020-06-11T01:37:10 IST" finished-at="2020-06-11T01:37:11 IST">
          <reporter-output>
          </reporter-output>
        </test-method> <!-- tearDown -->
      </class> <!-- testng.TestNGRecordTest -->
    </test> <!-- Default test -->
  </suite> <!-- Default suite -->
</testng-results>
