<?xml version="1.0" encoding="UTF-8"?>
<testng-results skipped="0" failed="0" ignored="0" total="3" passed="3">
  <reporter-output>
  </reporter-output>
  <suite name="Default suite" duration-ms="75" started-at="2020-06-10T21:11:27 IST" finished-at="2020-06-10T21:11:27 IST">
    <groups>
      <group name="smoke1">
        <method signature="TestNGDependencyDemo.test3()[pri:0, instance:testng.TestNGDependencyDemo@4d41cee]" name="test3" class="testng.TestNGDependencyDemo"/>
      </group> <!-- smoke1 -->
      <group name="smoke">
        <method signature="TestNGDependencyDemo.test2()[pri:0, instance:testng.TestNGDependencyDemo@4d41cee]" name="test2" class="testng.TestNGDependencyDemo"/>
      </group> <!-- smoke -->
    </groups>
    <test name="Default test" duration-ms="75" started-at="2020-06-10T21:11:27 IST" finished-at="2020-06-10T21:11:27 IST">
      <class name="testng.TestNGDependencyDemo">
        <test-method status="PASS" signature="test2()[pri:0, instance:testng.TestNGDependencyDemo@4d41cee]" name="test2" duration-ms="14" started-at="2020-06-10T21:11:27 IST" finished-at="2020-06-10T21:11:27 IST">
          <reporter-output>
          </reporter-output>
        </test-method> <!-- test2 -->
        <test-method status="PASS" signature="test3()[pri:0, instance:testng.TestNGDependencyDemo@4d41cee]" name="test3" duration-ms="2" started-at="2020-06-10T21:11:27 IST" finished-at="2020-06-10T21:11:27 IST">
          <reporter-output>
          </reporter-output>
        </test-method> <!-- test3 -->
        <test-method status="PASS" signature="test1()[pri:0, instance:testng.TestNGDependencyDemo@4d41cee]" name="test1" duration-ms="2" depends-on-groups="smoke.*" started-at="2020-06-10T21:11:27 IST" finished-at="2020-06-10T21:11:27 IST">
          <reporter-output>
          </reporter-output>
        </test-method> <!-- test1 -->
      </class> <!-- testng.TestNGDependencyDemo -->
    </test> <!-- Default test -->
  </suite> <!-- Default suite -->
</testng-results>
